d:\универ\практика\lab1\lab1\debug\vc141.pdb
d:\универ\практика\lab1\lab1\debug\vc141.idb
d:\универ\практика\lab1\lab1\debug\task2.obj
d:\универ\практика\lab1\lab1\debug\task1.obj
d:\универ\практика\lab1\lab1\debug\task3.obj
d:\универ\практика\lab1\lab1\debug\task4.obj
d:\универ\практика\lab1\lab1\debug\task5_func.obj
d:\универ\практика\lab1\lab1\debug\task5_main.obj
d:\универ\практика\lab1\lab1\debug\task6_func.obj
d:\универ\практика\lab1\lab1\debug\task6_main.obj
d:\универ\практика\lab1\debug\lab1.exe
d:\универ\практика\lab1\debug\lab1.ilk
d:\универ\практика\lab1\debug\lab1.pdb
d:\универ\практика\lab1\lab1\debug\lab1.obj
d:\универ\практика\lab1\lab1\debug\lab1.tlog\cl.command.1.tlog
d:\универ\практика\lab1\lab1\debug\lab1.tlog\cl.read.1.tlog
d:\универ\практика\lab1\lab1\debug\lab1.tlog\cl.write.1.tlog
d:\универ\практика\lab1\lab1\debug\lab1.tlog\link.command.1.tlog
d:\универ\практика\lab1\lab1\debug\lab1.tlog\link.read.1.tlog
d:\универ\практика\lab1\lab1\debug\lab1.tlog\link.write.1.tlog
